<?xml version="1.0" encoding="UTF-8"?>
<!-- Generated by org.testng.reporters.JUnitReportReporter -->
<testsuite hostname="DESKTOP-ED703PR" failures="0" tests="2" name="day2.DifferentWaysToCreatePostRequestBody4" time="1.724" errors="0" timestamp="2025-04-07T17:50:41 IST" skipped="0">
  <testcase classname="day2.DifferentWaysToCreatePostRequestBody4" name="testPostusingExternalJsonFile" time="1.704"/>
  <testcase classname="day2.DifferentWaysToCreatePostRequestBody4" name="testDelete" time="0.020"/>
</testsuite> <!-- day2.DifferentWaysToCreatePostRequestBody4 -->
