<?xml version="1.0" encoding="UTF-8"?>
<!-- Generated by org.testng.reporters.JUnitReportReporter -->
<testsuite hostname="DESKTOP-ED703PR" failures="0" tests="2" name="day2.DifferentWaysToCreatePostRequestBody2" time="1.612" errors="0" timestamp="2025-04-05T20:36:55 IST" skipped="0">
  <testcase classname="day2.DifferentWaysToCreatePostRequestBody2" name="testPostusingJsonLibrary" time="1.583"/>
  <testcase classname="day2.DifferentWaysToCreatePostRequestBody2" name="testDeleteusingJsonLibrary" time="0.029"/>
</testsuite> <!-- day2.DifferentWaysToCreatePostRequestBody2 -->
