<?xml version="1.0" encoding="UTF-8"?>
<!-- Generated by org.testng.reporters.JUnitReportReporter -->
<testsuite hostname="DESKTOP-ED703PR" failures="0" tests="4" name="day1.HTTPRequests" time="4.015" errors="0" timestamp="2025-04-02T19:58:09 IST" skipped="0">
  <testcase classname="day1.HTTPRequests" name="getUsers" time="2.363"/>
  <testcase classname="day1.HTTPRequests" name="CreateUser" time="0.697"/>
  <testcase classname="day1.HTTPRequests" name="UpadteUser" time="0.451"/>
  <testcase classname="day1.HTTPRequests" name="deleteUSer" time="0.504"/>
</testsuite> <!-- day1.HTTPRequests -->
