<?xml version="1.0" encoding="UTF-8"?>
<!-- Generated by org.testng.reporters.JUnitReportReporter -->
<testsuite hostname="DESKTOP-ED703PR" failures="0" tests="2" name="day3.HeadersDemo" time="4.083" errors="0" timestamp="2025-04-11T11:49:43 IST" skipped="0">
  <testcase classname="day3.HeadersDemo" name="testHeaders" time="3.076"/>
  <testcase classname="day3.HeadersDemo" name="getHeaders" time="1.007"/>
</testsuite> <!-- day3.HeadersDemo -->
