<?xml version="1.0" encoding="UTF-8"?>
<!-- Generated by org.testng.reporters.JUnitReportReporter -->
<testsuite hostname="DESKTOP-ED703PR" failures="0" tests="2" name="day2.PojoPractise" time="2.155" errors="0" timestamp="2025-04-07T18:48:22 IST" skipped="0">
  <testcase classname="day2.PojoPractise" name="creatinguser" time="2.122"/>
  <testcase classname="day2.PojoPractise" name="DeletePojouser" time="0.033"/>
</testsuite> <!-- day2.PojoPractise -->
