<?xml version="1.0" encoding="UTF-8"?>
<!-- Generated by org.testng.reporters.JUnitReportReporter -->
<testsuite hostname="DESKTOP-ED703PR" failures="0" tests="2" name="day2.UserServiceTest" time="0.013" errors="0" timestamp="2025-04-08T12:46:33 IST" skipped="0">
  <testcase classname="day2.UserServiceTest" name="testAddMultipleUsers" time="0.012"/>
  <testcase classname="day2.UserServiceTest" name="testDeleteUser" time="0.001"/>
</testsuite> <!-- day2.UserServiceTest -->
