<?xml version="1.0" encoding="UTF-8"?>
<!-- Generated by org.testng.reporters.JUnitReportReporter -->
<testsuite hostname="DESKTOP-ED703PR" failures="0" tests="1" name="day5.FileUploadAndDownload" time="1.240" errors="0" timestamp="2025-04-27T17:17:44 IST" skipped="0">
  <testcase classname="day5.FileUploadAndDownload" name="fileDownlaod" time="1.240"/>
</testsuite> <!-- day5.FileUploadAndDownload -->
