<?xml version="1.0" encoding="UTF-8"?>
<!-- Generated by org.testng.reporters.JUnitReportReporter -->
<testsuite hostname="DESKTOP-ED703PR" failures="0" tests="2" name="day2.DifferentWaysToCreatePostRequestBody3" time="2.554" errors="0" timestamp="2025-04-05T21:57:18 IST" skipped="0">
  <testcase classname="day2.DifferentWaysToCreatePostRequestBody3" name="testPostusingPOJO" time="2.504"/>
  <testcase classname="day2.DifferentWaysToCreatePostRequestBody3" name="testDelete" time="0.050"/>
</testsuite> <!-- day2.DifferentWaysToCreatePostRequestBody3 -->
