<?xml version="1.0" encoding="UTF-8"?>
<!-- Generated by org.testng.reporters.JUnitReportReporter -->
<testsuite hostname="DESKTOP-ED703PR" failures="0" tests="1" name="day3.PathAndQuerryParameteres" time="2.387" errors="0" timestamp="2025-04-09T19:50:26 IST" skipped="0">
  <testcase classname="day3.PathAndQuerryParameteres" name="etstquerryAndPathParameters" time="2.387"/>
</testsuite> <!-- day3.PathAndQuerryParameteres -->
