<?xml version="1.0" encoding="UTF-8"?>
<!-- Generated by org.testng.reporters.JUnitReportReporter -->
<testsuite hostname="DESKTOP-ED703PR" failures="0" tests="1" name="day3.LoggingDemo" time="1.979" errors="0" timestamp="2025-04-10T19:50:14 IST" skipped="0">
  <testcase classname="day3.LoggingDemo" name="testLogs" time="1.979"/>
</testsuite> <!-- day3.LoggingDemo -->
