<?xml version="1.0" encoding="UTF-8"?>
<!-- Generated by org.testng.reporters.JUnitReportReporter -->
<testsuite hostname="DESKTOP-ED703PR" failures="0" tests="2" name="day3.OrganehrmHeaders" time="3.662" errors="0" timestamp="2025-04-11T16:52:42 IST" skipped="0">
  <testcase classname="day3.OrganehrmHeaders" name="OrangeHeader" time="2.606"/>
  <testcase classname="day3.OrganehrmHeaders" name="getOrangeHeaders" time="1.056"/>
</testsuite> <!-- day3.OrganehrmHeaders -->
