<?xml version="1.0" encoding="UTF-8"?>
<!-- Generated by org.testng.reporters.JUnitReportReporter -->
<testsuite hostname="DESKTOP-ED703PR" failures="0" tests="1" name="day5.FileDownload" time="1.041" errors="0" timestamp="2025-04-27T17:36:11 IST" skipped="0">
  <testcase classname="day5.FileDownload" name="validateFileDownload" time="1.041"/>
</testsuite> <!-- day5.FileDownload -->
