<?xml version="1.0" encoding="UTF-8"?>
<!-- Generated by org.testng.reporters.JUnitReportReporter -->
<testsuite hostname="DESKTOP-ED703PR" failures="0" tests="1" name="day4.ParsingJSONResponseData" time="2.037" errors="0" timestamp="2025-04-14T20:08:51 IST" skipped="0">
  <testcase classname="day4.ParsingJSONResponseData" name="testJsonResponse2" time="2.037"/>
</testsuite> <!-- day4.ParsingJSONResponseData -->
